** Aritmetic operators:
   -------------------
    +, -, *, /, %, ++, --, +=, -=, *=, /=, %=

    %(modulus) --> work for integer and floating point numbers.

    +=, -=, *=, /=, %= is known as compund assignment operators.

** Bitwise Operators:
   -----------------
   ~(bitwise-unary-not), &, |, ^, >>(right-shift), << (left-shift), >>>(shift-right zero fill)

** Relational Operators:
   ---------------------
   ==, !=, >, <, >=, <=

   Warnning for C/C++ programmers:
   ------------------------------
   if(!done) // OK for C/C++ but not for Java
   if(done) // Ok for C/C++ but not for Java

   In Java, these statements must be written like this:

   if(done == 0) .... // This is Java Style 
   if(done != 0) .... // This is Java Style

** Short-Circuit Logical Operators:
   --------------------------------
   : Logical expression created by Logical and(&) and logical or(|) operators.  

** Assignment Operators:
   ---------------------
   int x, y, z;
   x = y = z = 100; // chain of assignment


** The ? (ternary) operators:
   --------------------------
   : expression1 ? expression2 : expression3
   if expression1 is true: --> expression2 is work
   else expression3 is work.

** Operator Precedence:
   -------------------
     -----------------------------------------------------------------------------------------------
    |                  Operators	                  |                Precedence                   |
    |-------------------------------------------------|---------------------------------------------|
    |   postfix increment and decrement	              |     ++ --                                   |
    |-------------------------------------------------|---------------------------------------------| 
    |   prefix increment and decrement, and unary	  |     ++ -- + - ~ !                           | 
    |-------------------------------------------------|---------------------------------------------|   
    |   multiplicative	                              |     * / %                                   |
    |-------------------------------------------------|---------------------------------------------|
    |   additive	                                  |     + -                                     |
    |-------------------------------------------------|---------------------------------------------|
    |   shift	                                      |     << >> >>>                               |
    |-------------------------------------------------|---------------------------------------------|
    |   relational	                                  |     < > <= >= instanceof                    |
    |-------------------------------------------------|---------------------------------------------|
    |   equality	                                  |     == !=                                   |
    |-------------------------------------------------|---------------------------------------------|
    |   bitwise AND	                                  |     &                                       |     
    |-------------------------------------------------|---------------------------------------------|
    |   bitwise exclusive OR                          |     ^                                       | 
    |-------------------------------------------------|---------------------------------------------| 
    |   bitwise inclusive OR	                      |     |                                       |
    |-------------------------------------------------|---------------------------------------------|
    |   logical AND	                                  |     &&                                      | 
    |-------------------------------------------------|---------------------------------------------|
    |   logical OR	                                  |     ||                                      |
    |-------------------------------------------------|---------------------------------------------|
    |   ternary	                                      |     ? :                                     |
    |-------------------------------------------------|---------------------------------------------|
    |   assignment	                                  |     = += -= *= /= %= &= ^= |= <<= >>= >>>=  |
     -------------------------------------------------|---------------------------------------------|